-------------------------
| Frost_And_Flame V0.01 |
-------------------------

Starting up!

-------------------------

Loading config...
Loading language file -> data/configuration/languages/english.txt
Starting SDL...
Starting OpenGL...
Starting sound system...
Initializing joystick system...
Initializing game system...
Initializing OpenGL...
Seeding random...
Initializing font system...
Loading resources...
Sound files loaded -> 2
Music files loaded -> 1
Texture files loaded -> 106
Font files loaded -> 1
Initializing menu system...
Starting game.core...
-------------------------

Entering 'New Game' menu.
Entering game world, starting new game.
Entering 'Options' menu.
Texture files loaded -> 106
Texture files loaded -> 106
Texture files loaded -> 106
Entering main menu, from Options menu. - button selected.
Entering 'Options' menu.
Texture files loaded -> 106
Texture files loaded -> 106
Entering main menu, from Options menu. - button selected.
User terminating game - 'Quit Game' selected!
-------------------------
Shutting down...
Saving configuration...
Unloading fonts...
Shutting down audio system...
SDL shutting down...
-------------------------

