# Frost and Flame V0.14 - www.physhexgames.co.nr #
# ---------------------------------------------- #
 
Initializing PhysicsFS file system....
Loading configuration...
Loading language file -> data/configuration/languages/english.txt
Starting graphics subsystem...
Initializing graphics subsystem...
Starting OpenGL...
Starting sound system...
Initializing joystick system...
Initializing font system...
Loading resources....
Seeding random...
Initializing menu system...
Initializing game system...
Initializing event handlers...
Starting Game...
 
# ---------------------------------------------- #
 
Processing event - 601
Unable to process event - 601 - UID - 14
Processing event - 401
Unable to process event - 401 - UID - 14
Processing event - 1001
Unable to process event - 1001 - UID - 14
Processing event - 1001
Unable to process event - 1001 - UID - 14
Processing event - 1001
Unable to process event - 1001 - UID - 14
Processing event - 1001
Unable to process event - 1001 - UID - 14
Processing event - 801
Unable to process event - 801 - UID - 14
Processing event - 701
Unable to process event - 701 - UID - 14
Processing event - 601
Unable to process event - 601 - UID - 14
Processing event - 501
Unable to process event - 501 - UID - 14
Processing event - 401
Unable to process event - 401 - UID - 14
Processing event - 401
Unable to process event - 401 - UID - 14
Processing event - 401
Unable to process event - 401 - UID - 14
Processing event - 401
Unable to process event - 401 - UID - 14
Processing event - 501
Unable to process event - 501 - UID - 14
Processing event - 601
Unable to process event - 601 - UID - 14
Processing event - 701
Unable to process event - 701 - UID - 14
Processing event - 701
Unable to process event - 701 - UID - 14
Processing event - 201
 
# ---------------------------------------------- #
 
Saving configuration...
Shutting down...
